<?xml version="1.0" encoding="UTF-8"?>
<testsuite xmlns:xsi="http://www.w3.org/2001/XMLSchema-instance" xsi:noNamespaceSchemaLocation="https://maven.apache.org/surefire/maven-surefire-plugin/xsd/surefire-test-report.xsd" name="org.cap.bankapp.test.BankAppParameterizedTest" time="0.096" tests="6" errors="0" skipped="0" failures="0">
  <properties>
[...]
</properties>
  <testcase name="test_SumOfnum{int, int, int}[1]" classname="org.cap.bankapp.test.BankAppParameterizedTest" time="0.046"/>
  <testcase name="test_SumOfnum{int, int, int}[2]" classname="org.cap.bankapp.test.BankAppParameterizedTest" time="0.001"/>
  <testcase name="test_SumOfnum{int, int, int}[3]" classname="org.cap.bankapp.test.BankAppParameterizedTest" time="0.001"/>
  <testcase name="test_sumOfNumbers{int[], int}[1]" classname="org.cap.bankapp.test.BankAppParameterizedTest" time="0"/>
  <testcase name="test_sumOfNumbers{int[], int}[2]" classname="org.cap.bankapp.test.BankAppParameterizedTest" time="0.001"/>
  <testcase name="test_sumOfNumbers{int[], int}[3]" classname="org.cap.bankapp.test.BankAppParameterizedTest" time="0.001"/>
</testsuite>